This file contains any messages produced by compilers while
running configure, to aid debugging if configure makes a mistake.

It was created by spider-tool configure 0.1, which was
generated by GNU Autoconf 2.68.  Invocation command line was

  $ ./configure --no-create --no-recursion

## --------- ##
## Platform. ##
## --------- ##

hostname = ubuntu
uname -m = i686
uname -r = 3.2.0-57-generic-pae
uname -s = Linux
uname -v = #87-Ubuntu SMP Tue Nov 12 21:57:43 UTC 2013

/usr/bin/uname -p = unknown
/bin/uname -X     = unknown

/bin/arch              = unknown
/usr/bin/arch -k       = unknown
/usr/convex/getsysinfo = unknown
/usr/bin/hostinfo      = unknown
/bin/machine           = unknown
/usr/bin/oslevel       = unknown
/bin/universe          = unknown

PATH: /usr/local/bin
PATH: /usr/bin
PATH: /bin
PATH: /usr/games


## ----------- ##
## Core tests. ##
## ----------- ##

configure:2346: checking for a BSD-compatible install
configure:2414: result: /usr/bin/install -c
configure:2425: checking whether build environment is sane
configure:2475: result: yes
configure:2503: WARNING: `missing' script is too old or missing
configure:2616: checking for a thread-safe mkdir -p
configure:2655: result: /bin/mkdir -p
configure:2668: checking for gawk
configure:2698: result: no
configure:2668: checking for mawk
configure:2684: found /usr/bin/mawk
configure:2695: result: mawk
configure:2706: checking whether make sets $(MAKE)
configure:2728: result: yes
configure:2857: checking for gcc
configure:2873: found /usr/bin/gcc
configure:2884: result: gcc
configure:3113: checking for C compiler version
configure:3122: gcc --version >&5
gcc (Ubuntu/Linaro 4.6.3-1ubuntu5) 4.6.3
Copyright (C) 2011 Free Software Foundation, Inc.
This is free software; see the source for copying conditions.  There is NO
warranty; not even for MERCHANTABILITY or FITNESS FOR A PARTICULAR PURPOSE.

configure:3133: $? = 0
configure:3122: gcc -v >&5
Using built-in specs.
COLLECT_GCC=gcc
COLLECT_LTO_WRAPPER=/usr/lib/gcc/i686-linux-gnu/4.6/lto-wrapper
Target: i686-linux-gnu
Configured with: ../src/configure -v --with-pkgversion='Ubuntu/Linaro 4.6.3-1ubuntu5' --with-bugurl=file:///usr/share/doc/gcc-4.6/README.Bugs --enable-languages=c,c++,fortran,objc,obj-c++ --prefix=/usr --program-suffix=-4.6 --enable-shared --enable-linker-build-id --with-system-zlib --libexecdir=/usr/lib --without-included-gettext --enable-threads=posix --with-gxx-include-dir=/usr/include/c++/4.6 --libdir=/usr/lib --enable-nls --with-sysroot=/ --enable-clocale=gnu --enable-libstdcxx-debug --enable-libstdcxx-time=yes --enable-gnu-unique-object --enable-plugin --enable-objc-gc --enable-targets=all --disable-werror --with-arch-32=i686 --with-tune=generic --enable-checking=release --build=i686-linux-gnu --host=i686-linux-gnu --target=i686-linux-gnu
Thread model: posix
gcc version 4.6.3 (Ubuntu/Linaro 4.6.3-1ubuntu5) 
configure:3133: $? = 0
configure:3122: gcc -V >&5
gcc: error: unrecognized option '-V'
gcc: fatal error: no input files
compilation terminated.
configure:3133: $? = 4
configure:3122: gcc -qversion >&5
gcc: error: unrecognized option '-qversion'
gcc: fatal error: no input files
compilation terminated.
configure:3133: $? = 4
configure:3153: checking whether the C compiler works
configure:3175: gcc    conftest.c  >&5
configure:3179: $? = 0
configure:3227: result: yes
configure:3230: checking for C compiler default output file name
configure:3232: result: a.out
configure:3238: checking for suffix of executables
configure:3245: gcc -o conftest    conftest.c  >&5
configure:3249: $? = 0
configure:3271: result: 
configure:3293: checking whether we are cross compiling
configure:3301: gcc -o conftest    conftest.c  >&5
configure:3305: $? = 0
configure:3312: ./conftest
configure:3316: $? = 0
configure:3331: result: no
configure:3336: checking for suffix of object files
configure:3358: gcc -c   conftest.c >&5
configure:3362: $? = 0
configure:3383: result: o
configure:3387: checking whether we are using the GNU C compiler
configure:3406: gcc -c   conftest.c >&5
configure:3406: $? = 0
configure:3415: result: yes
configure:3424: checking whether gcc accepts -g
configure:3444: gcc -c -g  conftest.c >&5
configure:3444: $? = 0
configure:3485: result: yes
configure:3502: checking for gcc option to accept ISO C89
configure:3566: gcc  -c -g -O2  conftest.c >&5
configure:3566: $? = 0
configure:3579: result: none needed
configure:3610: checking for style of include used by make
configure:3638: result: GNU
configure:3664: checking dependency style of gcc
configure:3775: result: gcc3
configure:3794: checking for pthread_mutex_lock in -lpthread
configure:3819: gcc -o conftest -g -O2   conftest.c -lpthread   >&5
configure:3819: $? = 0
configure:3828: result: yes
configure:3846: checking how to run the C preprocessor
configure:3877: gcc -E  conftest.c
configure:3877: $? = 0
configure:3891: gcc -E  conftest.c
conftest.c:12:28: fatal error: ac_nonexistent.h: No such file or directory
compilation terminated.
configure:3891: $? = 1
configure: failed program was:
| /* confdefs.h */
| #define PACKAGE_NAME "spider-tool"
| #define PACKAGE_TARNAME "spider-tool"
| #define PACKAGE_VERSION "0.1"
| #define PACKAGE_STRING "spider-tool 0.1"
| #define PACKAGE_BUGREPORT "openser@yeah.net"
| #define PACKAGE_URL ""
| #define PACKAGE "spider"
| #define VERSION "1.0"
| #define HAVE_LIBPTHREAD 1
| /* end confdefs.h.  */
| #include <ac_nonexistent.h>
configure:3916: result: gcc -E
configure:3936: gcc -E  conftest.c
configure:3936: $? = 0
configure:3950: gcc -E  conftest.c
conftest.c:12:28: fatal error: ac_nonexistent.h: No such file or directory
compilation terminated.
configure:3950: $? = 1
configure: failed program was:
| /* confdefs.h */
| #define PACKAGE_NAME "spider-tool"
| #define PACKAGE_TARNAME "spider-tool"
| #define PACKAGE_VERSION "0.1"
| #define PACKAGE_STRING "spider-tool 0.1"
| #define PACKAGE_BUGREPORT "openser@yeah.net"
| #define PACKAGE_URL ""
| #define PACKAGE "spider"
| #define VERSION "1.0"
| #define HAVE_LIBPTHREAD 1
| /* end confdefs.h.  */
| #include <ac_nonexistent.h>
configure:3979: checking for grep that handles long lines and -e
configure:4037: result: /bin/grep
configure:4042: checking for egrep
configure:4104: result: /bin/grep -E
configure:4109: checking for ANSI C header files
configure:4129: gcc -c -g -O2  conftest.c >&5
configure:4129: $? = 0
configure:4202: gcc -o conftest -g -O2   conftest.c -lpthread  >&5
configure:4202: $? = 0
configure:4202: ./conftest
configure:4202: $? = 0
configure:4213: result: yes
configure:4226: checking for sys/types.h
configure:4226: gcc -c -g -O2  conftest.c >&5
configure:4226: $? = 0
configure:4226: result: yes
configure:4226: checking for sys/stat.h
configure:4226: gcc -c -g -O2  conftest.c >&5
configure:4226: $? = 0
configure:4226: result: yes
configure:4226: checking for stdlib.h
configure:4226: gcc -c -g -O2  conftest.c >&5
configure:4226: $? = 0
configure:4226: result: yes
configure:4226: checking for string.h
configure:4226: gcc -c -g -O2  conftest.c >&5
configure:4226: $? = 0
configure:4226: result: yes
configure:4226: checking for memory.h
configure:4226: gcc -c -g -O2  conftest.c >&5
configure:4226: $? = 0
configure:4226: result: yes
configure:4226: checking for strings.h
configure:4226: gcc -c -g -O2  conftest.c >&5
configure:4226: $? = 0
configure:4226: result: yes
configure:4226: checking for inttypes.h
configure:4226: gcc -c -g -O2  conftest.c >&5
configure:4226: $? = 0
configure:4226: result: yes
configure:4226: checking for stdint.h
configure:4226: gcc -c -g -O2  conftest.c >&5
configure:4226: $? = 0
configure:4226: result: yes
configure:4226: checking for unistd.h
configure:4226: gcc -c -g -O2  conftest.c >&5
configure:4226: $? = 0
configure:4226: result: yes
configure:4241: checking arpa/inet.h usability
configure:4241: gcc -c -g -O2  conftest.c >&5
configure:4241: $? = 0
configure:4241: result: yes
configure:4241: checking arpa/inet.h presence
configure:4241: gcc -E  conftest.c
configure:4241: $? = 0
configure:4241: result: yes
configure:4241: checking for arpa/inet.h
configure:4241: result: yes
configure:4241: checking fcntl.h usability
configure:4241: gcc -c -g -O2  conftest.c >&5
configure:4241: $? = 0
configure:4241: result: yes
configure:4241: checking fcntl.h presence
configure:4241: gcc -E  conftest.c
configure:4241: $? = 0
configure:4241: result: yes
configure:4241: checking for fcntl.h
configure:4241: result: yes
configure:4241: checking limits.h usability
configure:4241: gcc -c -g -O2  conftest.c >&5
configure:4241: $? = 0
configure:4241: result: yes
configure:4241: checking limits.h presence
configure:4241: gcc -E  conftest.c
configure:4241: $? = 0
configure:4241: result: yes
configure:4241: checking for limits.h
configure:4241: result: yes
configure:4241: checking malloc.h usability
configure:4241: gcc -c -g -O2  conftest.c >&5
configure:4241: $? = 0
configure:4241: result: yes
configure:4241: checking malloc.h presence
configure:4241: gcc -E  conftest.c
configure:4241: $? = 0
configure:4241: result: yes
configure:4241: checking for malloc.h
configure:4241: result: yes
configure:4241: checking netdb.h usability
configure:4241: gcc -c -g -O2  conftest.c >&5
configure:4241: $? = 0
configure:4241: result: yes
configure:4241: checking netdb.h presence
configure:4241: gcc -E  conftest.c
configure:4241: $? = 0
configure:4241: result: yes
configure:4241: checking for netdb.h
configure:4241: result: yes
configure:4241: checking netinet/in.h usability
configure:4241: gcc -c -g -O2  conftest.c >&5
configure:4241: $? = 0
configure:4241: result: yes
configure:4241: checking netinet/in.h presence
configure:4241: gcc -E  conftest.c
configure:4241: $? = 0
configure:4241: result: yes
configure:4241: checking for netinet/in.h
configure:4241: result: yes
configure:4241: checking for stdlib.h
configure:4241: result: yes
configure:4241: checking for string.h
configure:4241: result: yes
configure:4241: checking sys/param.h usability
configure:4241: gcc -c -g -O2  conftest.c >&5
configure:4241: $? = 0
configure:4241: result: yes
configure:4241: checking sys/param.h presence
configure:4241: gcc -E  conftest.c
configure:4241: $? = 0
configure:4241: result: yes
configure:4241: checking for sys/param.h
configure:4241: result: yes
configure:4241: checking sys/socket.h usability
configure:4241: gcc -c -g -O2  conftest.c >&5
configure:4241: $? = 0
configure:4241: result: yes
configure:4241: checking sys/socket.h presence
configure:4241: gcc -E  conftest.c
configure:4241: $? = 0
configure:4241: result: yes
configure:4241: checking for sys/socket.h
configure:4241: result: yes
configure:4241: checking sys/time.h usability
configure:4241: gcc -c -g -O2  conftest.c >&5
configure:4241: $? = 0
configure:4241: result: yes
configure:4241: checking sys/time.h presence
configure:4241: gcc -E  conftest.c
configure:4241: $? = 0
configure:4241: result: yes
configure:4241: checking for sys/time.h
configure:4241: result: yes
configure:4241: checking syslog.h usability
configure:4241: gcc -c -g -O2  conftest.c >&5
configure:4241: $? = 0
configure:4241: result: yes
configure:4241: checking syslog.h presence
configure:4241: gcc -E  conftest.c
configure:4241: $? = 0
configure:4241: result: yes
configure:4241: checking for syslog.h
configure:4241: result: yes
configure:4241: checking for unistd.h
configure:4241: result: yes
configure:4253: checking for inline
configure:4269: gcc -c -g -O2  conftest.c >&5
configure:4269: $? = 0
configure:4277: result: inline
configure:4295: checking for int64_t
configure:4295: gcc -c -g -O2  conftest.c >&5
configure:4295: $? = 0
configure:4295: gcc -c -g -O2  conftest.c >&5
conftest.c: In function 'main':
conftest.c:73:53: warning: integer overflow in expression [-Woverflow]
conftest.c:72:12: error: size of array 'test_array' is negative
conftest.c:72:12: error: storage size of 'test_array' isn't constant
configure:4295: $? = 1
configure: failed program was:
| /* confdefs.h */
| #define PACKAGE_NAME "spider-tool"
| #define PACKAGE_TARNAME "spider-tool"
| #define PACKAGE_VERSION "0.1"
| #define PACKAGE_STRING "spider-tool 0.1"
| #define PACKAGE_BUGREPORT "openser@yeah.net"
| #define PACKAGE_URL ""
| #define PACKAGE "spider"
| #define VERSION "1.0"
| #define HAVE_LIBPTHREAD 1
| #define STDC_HEADERS 1
| #define HAVE_SYS_TYPES_H 1
| #define HAVE_SYS_STAT_H 1
| #define HAVE_STDLIB_H 1
| #define HAVE_STRING_H 1
| #define HAVE_MEMORY_H 1
| #define HAVE_STRINGS_H 1
| #define HAVE_INTTYPES_H 1
| #define HAVE_STDINT_H 1
| #define HAVE_UNISTD_H 1
| #define HAVE_ARPA_INET_H 1
| #define HAVE_FCNTL_H 1
| #define HAVE_LIMITS_H 1
| #define HAVE_MALLOC_H 1
| #define HAVE_NETDB_H 1
| #define HAVE_NETINET_IN_H 1
| #define HAVE_STDLIB_H 1
| #define HAVE_STRING_H 1
| #define HAVE_SYS_PARAM_H 1
| #define HAVE_SYS_SOCKET_H 1
| #define HAVE_SYS_TIME_H 1
| #define HAVE_SYSLOG_H 1
| #define HAVE_UNISTD_H 1
| /* end confdefs.h.  */
| #include <stdio.h>
| #ifdef HAVE_SYS_TYPES_H
| # include <sys/types.h>
| #endif
| #ifdef HAVE_SYS_STAT_H
| # include <sys/stat.h>
| #endif
| #ifdef STDC_HEADERS
| # include <stdlib.h>
| # include <stddef.h>
| #else
| # ifdef HAVE_STDLIB_H
| #  include <stdlib.h>
| # endif
| #endif
| #ifdef HAVE_STRING_H
| # if !defined STDC_HEADERS && defined HAVE_MEMORY_H
| #  include <memory.h>
| # endif
| # include <string.h>
| #endif
| #ifdef HAVE_STRINGS_H
| # include <strings.h>
| #endif
| #ifdef HAVE_INTTYPES_H
| # include <inttypes.h>
| #endif
| #ifdef HAVE_STDINT_H
| # include <stdint.h>
| #endif
| #ifdef HAVE_UNISTD_H
| # include <unistd.h>
| #endif
| 	        enum { N = 64 / 2 - 1 };
| int
| main ()
| {
| static int test_array [1 - 2 * !((int64_t) (((((int64_t) 1 << N) << N) - 1) * 2 + 1)
| 		 < (int64_t) (((((int64_t) 1 << N) << N) - 1) * 2 + 2))];
| test_array [0] = 0
| 
|   ;
|   return 0;
| }
configure:4295: result: yes
configure:4306: checking for pid_t
configure:4306: gcc -c -g -O2  conftest.c >&5
configure:4306: $? = 0
configure:4306: gcc -c -g -O2  conftest.c >&5
conftest.c: In function 'main':
conftest.c:71:20: error: expected expression before ')' token
configure:4306: $? = 1
configure: failed program was:
| /* confdefs.h */
| #define PACKAGE_NAME "spider-tool"
| #define PACKAGE_TARNAME "spider-tool"
| #define PACKAGE_VERSION "0.1"
| #define PACKAGE_STRING "spider-tool 0.1"
| #define PACKAGE_BUGREPORT "openser@yeah.net"
| #define PACKAGE_URL ""
| #define PACKAGE "spider"
| #define VERSION "1.0"
| #define HAVE_LIBPTHREAD 1
| #define STDC_HEADERS 1
| #define HAVE_SYS_TYPES_H 1
| #define HAVE_SYS_STAT_H 1
| #define HAVE_STDLIB_H 1
| #define HAVE_STRING_H 1
| #define HAVE_MEMORY_H 1
| #define HAVE_STRINGS_H 1
| #define HAVE_INTTYPES_H 1
| #define HAVE_STDINT_H 1
| #define HAVE_UNISTD_H 1
| #define HAVE_ARPA_INET_H 1
| #define HAVE_FCNTL_H 1
| #define HAVE_LIMITS_H 1
| #define HAVE_MALLOC_H 1
| #define HAVE_NETDB_H 1
| #define HAVE_NETINET_IN_H 1
| #define HAVE_STDLIB_H 1
| #define HAVE_STRING_H 1
| #define HAVE_SYS_PARAM_H 1
| #define HAVE_SYS_SOCKET_H 1
| #define HAVE_SYS_TIME_H 1
| #define HAVE_SYSLOG_H 1
| #define HAVE_UNISTD_H 1
| /* end confdefs.h.  */
| #include <stdio.h>
| #ifdef HAVE_SYS_TYPES_H
| # include <sys/types.h>
| #endif
| #ifdef HAVE_SYS_STAT_H
| # include <sys/stat.h>
| #endif
| #ifdef STDC_HEADERS
| # include <stdlib.h>
| # include <stddef.h>
| #else
| # ifdef HAVE_STDLIB_H
| #  include <stdlib.h>
| # endif
| #endif
| #ifdef HAVE_STRING_H
| # if !defined STDC_HEADERS && defined HAVE_MEMORY_H
| #  include <memory.h>
| # endif
| # include <string.h>
| #endif
| #ifdef HAVE_STRINGS_H
| # include <strings.h>
| #endif
| #ifdef HAVE_INTTYPES_H
| # include <inttypes.h>
| #endif
| #ifdef HAVE_STDINT_H
| # include <stdint.h>
| #endif
| #ifdef HAVE_UNISTD_H
| # include <unistd.h>
| #endif
| int
| main ()
| {
| if (sizeof ((pid_t)))
| 	    return 0;
|   ;
|   return 0;
| }
configure:4306: result: yes
configure:4317: checking for size_t
configure:4317: gcc -c -g -O2  conftest.c >&5
configure:4317: $? = 0
configure:4317: gcc -c -g -O2  conftest.c >&5
conftest.c: In function 'main':
conftest.c:71:21: error: expected expression before ')' token
configure:4317: $? = 1
configure: failed program was:
| /* confdefs.h */
| #define PACKAGE_NAME "spider-tool"
| #define PACKAGE_TARNAME "spider-tool"
| #define PACKAGE_VERSION "0.1"
| #define PACKAGE_STRING "spider-tool 0.1"
| #define PACKAGE_BUGREPORT "openser@yeah.net"
| #define PACKAGE_URL ""
| #define PACKAGE "spider"
| #define VERSION "1.0"
| #define HAVE_LIBPTHREAD 1
| #define STDC_HEADERS 1
| #define HAVE_SYS_TYPES_H 1
| #define HAVE_SYS_STAT_H 1
| #define HAVE_STDLIB_H 1
| #define HAVE_STRING_H 1
| #define HAVE_MEMORY_H 1
| #define HAVE_STRINGS_H 1
| #define HAVE_INTTYPES_H 1
| #define HAVE_STDINT_H 1
| #define HAVE_UNISTD_H 1
| #define HAVE_ARPA_INET_H 1
| #define HAVE_FCNTL_H 1
| #define HAVE_LIMITS_H 1
| #define HAVE_MALLOC_H 1
| #define HAVE_NETDB_H 1
| #define HAVE_NETINET_IN_H 1
| #define HAVE_STDLIB_H 1
| #define HAVE_STRING_H 1
| #define HAVE_SYS_PARAM_H 1
| #define HAVE_SYS_SOCKET_H 1
| #define HAVE_SYS_TIME_H 1
| #define HAVE_SYSLOG_H 1
| #define HAVE_UNISTD_H 1
| /* end confdefs.h.  */
| #include <stdio.h>
| #ifdef HAVE_SYS_TYPES_H
| # include <sys/types.h>
| #endif
| #ifdef HAVE_SYS_STAT_H
| # include <sys/stat.h>
| #endif
| #ifdef STDC_HEADERS
| # include <stdlib.h>
| # include <stddef.h>
| #else
| # ifdef HAVE_STDLIB_H
| #  include <stdlib.h>
| # endif
| #endif
| #ifdef HAVE_STRING_H
| # if !defined STDC_HEADERS && defined HAVE_MEMORY_H
| #  include <memory.h>
| # endif
| # include <string.h>
| #endif
| #ifdef HAVE_STRINGS_H
| # include <strings.h>
| #endif
| #ifdef HAVE_INTTYPES_H
| # include <inttypes.h>
| #endif
| #ifdef HAVE_STDINT_H
| # include <stdint.h>
| #endif
| #ifdef HAVE_UNISTD_H
| # include <unistd.h>
| #endif
| int
| main ()
| {
| if (sizeof ((size_t)))
| 	    return 0;
|   ;
|   return 0;
| }
configure:4317: result: yes
configure:4328: checking for ssize_t
configure:4328: gcc -c -g -O2  conftest.c >&5
configure:4328: $? = 0
configure:4328: gcc -c -g -O2  conftest.c >&5
conftest.c: In function 'main':
conftest.c:71:22: error: expected expression before ')' token
configure:4328: $? = 1
configure: failed program was:
| /* confdefs.h */
| #define PACKAGE_NAME "spider-tool"
| #define PACKAGE_TARNAME "spider-tool"
| #define PACKAGE_VERSION "0.1"
| #define PACKAGE_STRING "spider-tool 0.1"
| #define PACKAGE_BUGREPORT "openser@yeah.net"
| #define PACKAGE_URL ""
| #define PACKAGE "spider"
| #define VERSION "1.0"
| #define HAVE_LIBPTHREAD 1
| #define STDC_HEADERS 1
| #define HAVE_SYS_TYPES_H 1
| #define HAVE_SYS_STAT_H 1
| #define HAVE_STDLIB_H 1
| #define HAVE_STRING_H 1
| #define HAVE_MEMORY_H 1
| #define HAVE_STRINGS_H 1
| #define HAVE_INTTYPES_H 1
| #define HAVE_STDINT_H 1
| #define HAVE_UNISTD_H 1
| #define HAVE_ARPA_INET_H 1
| #define HAVE_FCNTL_H 1
| #define HAVE_LIMITS_H 1
| #define HAVE_MALLOC_H 1
| #define HAVE_NETDB_H 1
| #define HAVE_NETINET_IN_H 1
| #define HAVE_STDLIB_H 1
| #define HAVE_STRING_H 1
| #define HAVE_SYS_PARAM_H 1
| #define HAVE_SYS_SOCKET_H 1
| #define HAVE_SYS_TIME_H 1
| #define HAVE_SYSLOG_H 1
| #define HAVE_UNISTD_H 1
| /* end confdefs.h.  */
| #include <stdio.h>
| #ifdef HAVE_SYS_TYPES_H
| # include <sys/types.h>
| #endif
| #ifdef HAVE_SYS_STAT_H
| # include <sys/stat.h>
| #endif
| #ifdef STDC_HEADERS
| # include <stdlib.h>
| # include <stddef.h>
| #else
| # ifdef HAVE_STDLIB_H
| #  include <stdlib.h>
| # endif
| #endif
| #ifdef HAVE_STRING_H
| # if !defined STDC_HEADERS && defined HAVE_MEMORY_H
| #  include <memory.h>
| # endif
| # include <string.h>
| #endif
| #ifdef HAVE_STRINGS_H
| # include <strings.h>
| #endif
| #ifdef HAVE_INTTYPES_H
| # include <inttypes.h>
| #endif
| #ifdef HAVE_STDINT_H
| # include <stdint.h>
| #endif
| #ifdef HAVE_UNISTD_H
| # include <unistd.h>
| #endif
| int
| main ()
| {
| if (sizeof ((ssize_t)))
| 	    return 0;
|   ;
|   return 0;
| }
configure:4328: result: yes
configure:4339: checking for uint16_t
configure:4339: gcc -c -g -O2  conftest.c >&5
configure:4339: $? = 0
configure:4339: result: yes
configure:4351: checking for uint32_t
configure:4351: gcc -c -g -O2  conftest.c >&5
configure:4351: $? = 0
configure:4351: result: yes
configure:4369: checking for working alloca.h
configure:4386: gcc -o conftest -g -O2   conftest.c -lpthread  >&5
configure:4386: $? = 0
configure:4394: result: yes
configure:4402: checking for alloca
configure:4439: gcc -o conftest -g -O2   conftest.c -lpthread  >&5
configure:4439: $? = 0
configure:4447: result: yes
configure:4558: checking vfork.h usability
configure:4558: gcc -c -g -O2  conftest.c >&5
conftest.c:70:19: fatal error: vfork.h: No such file or directory
compilation terminated.
configure:4558: $? = 1
configure: failed program was:
| /* confdefs.h */
| #define PACKAGE_NAME "spider-tool"
| #define PACKAGE_TARNAME "spider-tool"
| #define PACKAGE_VERSION "0.1"
| #define PACKAGE_STRING "spider-tool 0.1"
| #define PACKAGE_BUGREPORT "openser@yeah.net"
| #define PACKAGE_URL ""
| #define PACKAGE "spider"
| #define VERSION "1.0"
| #define HAVE_LIBPTHREAD 1
| #define STDC_HEADERS 1
| #define HAVE_SYS_TYPES_H 1
| #define HAVE_SYS_STAT_H 1
| #define HAVE_STDLIB_H 1
| #define HAVE_STRING_H 1
| #define HAVE_MEMORY_H 1
| #define HAVE_STRINGS_H 1
| #define HAVE_INTTYPES_H 1
| #define HAVE_STDINT_H 1
| #define HAVE_UNISTD_H 1
| #define HAVE_ARPA_INET_H 1
| #define HAVE_FCNTL_H 1
| #define HAVE_LIMITS_H 1
| #define HAVE_MALLOC_H 1
| #define HAVE_NETDB_H 1
| #define HAVE_NETINET_IN_H 1
| #define HAVE_STDLIB_H 1
| #define HAVE_STRING_H 1
| #define HAVE_SYS_PARAM_H 1
| #define HAVE_SYS_SOCKET_H 1
| #define HAVE_SYS_TIME_H 1
| #define HAVE_SYSLOG_H 1
| #define HAVE_UNISTD_H 1
| #define HAVE_ALLOCA_H 1
| #define HAVE_ALLOCA 1
| /* end confdefs.h.  */
| #include <stdio.h>
| #ifdef HAVE_SYS_TYPES_H
| # include <sys/types.h>
| #endif
| #ifdef HAVE_SYS_STAT_H
| # include <sys/stat.h>
| #endif
| #ifdef STDC_HEADERS
| # include <stdlib.h>
| # include <stddef.h>
| #else
| # ifdef HAVE_STDLIB_H
| #  include <stdlib.h>
| # endif
| #endif
| #ifdef HAVE_STRING_H
| # if !defined STDC_HEADERS && defined HAVE_MEMORY_H
| #  include <memory.h>
| # endif
| # include <string.h>
| #endif
| #ifdef HAVE_STRINGS_H
| # include <strings.h>
| #endif
| #ifdef HAVE_INTTYPES_H
| # include <inttypes.h>
| #endif
| #ifdef HAVE_STDINT_H
| # include <stdint.h>
| #endif
| #ifdef HAVE_UNISTD_H
| # include <unistd.h>
| #endif
| #include <vfork.h>
configure:4558: result: no
configure:4558: checking vfork.h presence
configure:4558: gcc -E  conftest.c
conftest.c:37:19: fatal error: vfork.h: No such file or directory
compilation terminated.
configure:4558: $? = 1
configure: failed program was:
| /* confdefs.h */
| #define PACKAGE_NAME "spider-tool"
| #define PACKAGE_TARNAME "spider-tool"
| #define PACKAGE_VERSION "0.1"
| #define PACKAGE_STRING "spider-tool 0.1"
| #define PACKAGE_BUGREPORT "openser@yeah.net"
| #define PACKAGE_URL ""
| #define PACKAGE "spider"
| #define VERSION "1.0"
| #define HAVE_LIBPTHREAD 1
| #define STDC_HEADERS 1
| #define HAVE_SYS_TYPES_H 1
| #define HAVE_SYS_STAT_H 1
| #define HAVE_STDLIB_H 1
| #define HAVE_STRING_H 1
| #define HAVE_MEMORY_H 1
| #define HAVE_STRINGS_H 1
| #define HAVE_INTTYPES_H 1
| #define HAVE_STDINT_H 1
| #define HAVE_UNISTD_H 1
| #define HAVE_ARPA_INET_H 1
| #define HAVE_FCNTL_H 1
| #define HAVE_LIMITS_H 1
| #define HAVE_MALLOC_H 1
| #define HAVE_NETDB_H 1
| #define HAVE_NETINET_IN_H 1
| #define HAVE_STDLIB_H 1
| #define HAVE_STRING_H 1
| #define HAVE_SYS_PARAM_H 1
| #define HAVE_SYS_SOCKET_H 1
| #define HAVE_SYS_TIME_H 1
| #define HAVE_SYSLOG_H 1
| #define HAVE_UNISTD_H 1
| #define HAVE_ALLOCA_H 1
| #define HAVE_ALLOCA 1
| /* end confdefs.h.  */
| #include <vfork.h>
configure:4558: result: no
configure:4558: checking for vfork.h
configure:4558: result: no
configure:4571: checking for fork
configure:4571: gcc -o conftest -g -O2   conftest.c -lpthread  >&5
conftest.c:60:6: warning: conflicting types for built-in function 'fork' [enabled by default]
configure:4571: $? = 0
configure:4571: result: yes
configure:4571: checking for vfork
configure:4571: gcc -o conftest -g -O2   conftest.c -lpthread  >&5
configure:4571: $? = 0
configure:4571: result: yes
configure:4581: checking for working fork
configure:4603: gcc -o conftest -g -O2   conftest.c -lpthread  >&5
configure:4603: $? = 0
configure:4603: ./conftest
configure:4603: $? = 0
configure:4613: result: yes
configure:4634: checking for working vfork
configure:4744: result: yes
configure:4771: checking for stdlib.h
configure:4771: result: yes
configure:4781: checking for GNU libc compatible malloc
configure:4805: gcc -o conftest -g -O2   conftest.c -lpthread  >&5
configure:4805: $? = 0
configure:4805: ./conftest
configure:4805: $? = 0
configure:4815: result: yes
configure:4838: checking for stdlib.h
configure:4838: result: yes
configure:4848: checking for GNU libc compatible realloc
configure:4872: gcc -o conftest -g -O2   conftest.c -lpthread  >&5
configure:4872: $? = 0
configure:4872: ./conftest
configure:4872: $? = 0
configure:4882: result: yes
configure:4906: checking for dup2
configure:4906: gcc -o conftest -g -O2   conftest.c -lpthread  >&5
configure:4906: $? = 0
configure:4906: result: yes
configure:4906: checking for gethostname
configure:4906: gcc -o conftest -g -O2   conftest.c -lpthread  >&5
configure:4906: $? = 0
configure:4906: result: yes
configure:4906: checking for gettimeofday
configure:4906: gcc -o conftest -g -O2   conftest.c -lpthread  >&5
configure:4906: $? = 0
configure:4906: result: yes
configure:4906: checking for inet_ntoa
configure:4906: gcc -o conftest -g -O2   conftest.c -lpthread  >&5
configure:4906: $? = 0
configure:4906: result: yes
configure:4906: checking for memmove
configure:4906: gcc -o conftest -g -O2   conftest.c -lpthread  >&5
conftest.c:72:6: warning: conflicting types for built-in function 'memmove' [enabled by default]
configure:4906: $? = 0
configure:4906: result: yes
configure:4906: checking for memset
configure:4906: gcc -o conftest -g -O2   conftest.c -lpthread  >&5
conftest.c:73:6: warning: conflicting types for built-in function 'memset' [enabled by default]
configure:4906: $? = 0
configure:4906: result: yes
configure:4906: checking for mkdir
configure:4906: gcc -o conftest -g -O2   conftest.c -lpthread  >&5
configure:4906: $? = 0
configure:4906: result: yes
configure:4906: checking for socket
configure:4906: gcc -o conftest -g -O2   conftest.c -lpthread  >&5
configure:4906: $? = 0
configure:4906: result: yes
configure:4906: checking for strcasecmp
configure:4906: gcc -o conftest -g -O2   conftest.c -lpthread  >&5
conftest.c:76:6: warning: conflicting types for built-in function 'strcasecmp' [enabled by default]
configure:4906: $? = 0
configure:4906: result: yes
configure:4906: checking for strchr
configure:4906: gcc -o conftest -g -O2   conftest.c -lpthread  >&5
conftest.c:77:6: warning: conflicting types for built-in function 'strchr' [enabled by default]
configure:4906: $? = 0
configure:4906: result: yes
configure:4906: checking for strdup
configure:4906: gcc -o conftest -g -O2   conftest.c -lpthread  >&5
conftest.c:78:6: warning: conflicting types for built-in function 'strdup' [enabled by default]
configure:4906: $? = 0
configure:4906: result: yes
configure:4906: checking for strerror
configure:4906: gcc -o conftest -g -O2   conftest.c -lpthread  >&5
configure:4906: $? = 0
configure:4906: result: yes
configure:4906: checking for strncasecmp
configure:4906: gcc -o conftest -g -O2   conftest.c -lpthread  >&5
conftest.c:80:6: warning: conflicting types for built-in function 'strncasecmp' [enabled by default]
configure:4906: $? = 0
configure:4906: result: yes
configure:4906: checking for strstr
configure:4906: gcc -o conftest -g -O2   conftest.c -lpthread  >&5
conftest.c:81:6: warning: conflicting types for built-in function 'strstr' [enabled by default]
configure:4906: $? = 0
configure:4906: result: yes
configure:5048: creating ./config.status

## ---------------- ##
## Cache variables. ##
## ---------------- ##

ac_cv_c_compiler_gnu=yes
ac_cv_c_inline=inline
ac_cv_c_int64_t=yes
ac_cv_c_uint16_t=yes
ac_cv_c_uint32_t=yes
ac_cv_env_CC_set=
ac_cv_env_CC_value=
ac_cv_env_CFLAGS_set=
ac_cv_env_CFLAGS_value=
ac_cv_env_CPPFLAGS_set=
ac_cv_env_CPPFLAGS_value=
ac_cv_env_CPP_set=
ac_cv_env_CPP_value=
ac_cv_env_LDFLAGS_set=
ac_cv_env_LDFLAGS_value=
ac_cv_env_LIBS_set=
ac_cv_env_LIBS_value=
ac_cv_env_build_alias_set=
ac_cv_env_build_alias_value=
ac_cv_env_host_alias_set=
ac_cv_env_host_alias_value=
ac_cv_env_target_alias_set=
ac_cv_env_target_alias_value=
ac_cv_func_alloca_works=yes
ac_cv_func_dup2=yes
ac_cv_func_fork=yes
ac_cv_func_fork_works=yes
ac_cv_func_gethostname=yes
ac_cv_func_gettimeofday=yes
ac_cv_func_inet_ntoa=yes
ac_cv_func_malloc_0_nonnull=yes
ac_cv_func_memmove=yes
ac_cv_func_memset=yes
ac_cv_func_mkdir=yes
ac_cv_func_realloc_0_nonnull=yes
ac_cv_func_socket=yes
ac_cv_func_strcasecmp=yes
ac_cv_func_strchr=yes
ac_cv_func_strdup=yes
ac_cv_func_strerror=yes
ac_cv_func_strncasecmp=yes
ac_cv_func_strstr=yes
ac_cv_func_vfork=yes
ac_cv_func_vfork_works=yes
ac_cv_header_arpa_inet_h=yes
ac_cv_header_fcntl_h=yes
ac_cv_header_inttypes_h=yes
ac_cv_header_limits_h=yes
ac_cv_header_malloc_h=yes
ac_cv_header_memory_h=yes
ac_cv_header_netdb_h=yes
ac_cv_header_netinet_in_h=yes
ac_cv_header_stdc=yes
ac_cv_header_stdint_h=yes
ac_cv_header_stdlib_h=yes
ac_cv_header_string_h=yes
ac_cv_header_strings_h=yes
ac_cv_header_sys_param_h=yes
ac_cv_header_sys_socket_h=yes
ac_cv_header_sys_stat_h=yes
ac_cv_header_sys_time_h=yes
ac_cv_header_sys_types_h=yes
ac_cv_header_syslog_h=yes
ac_cv_header_unistd_h=yes
ac_cv_header_vfork_h=no
ac_cv_lib_pthread_pthread_mutex_lock=yes
ac_cv_objext=o
ac_cv_path_EGREP='/bin/grep -E'
ac_cv_path_GREP=/bin/grep
ac_cv_path_install='/usr/bin/install -c'
ac_cv_path_mkdir=/bin/mkdir
ac_cv_prog_AWK=mawk
ac_cv_prog_CPP='gcc -E'
ac_cv_prog_ac_ct_CC=gcc
ac_cv_prog_cc_c89=
ac_cv_prog_cc_g=yes
ac_cv_prog_make_make_set=yes
ac_cv_type_pid_t=yes
ac_cv_type_size_t=yes
ac_cv_type_ssize_t=yes
ac_cv_working_alloca_h=yes
am_cv_CC_dependencies_compiler_type=gcc3

## ----------------- ##
## Output variables. ##
## ----------------- ##

ACLOCAL='aclocal-1.11'
ALLOCA=''
AMDEPBACKSLASH='\'
AMDEP_FALSE='#'
AMDEP_TRUE=''
AMTAR='$${TAR-tar}'
AUTOCONF='autoconf'
AUTOHEADER='autoheader'
AUTOMAKE='automake-1.11'
AWK='mawk'
CC='gcc'
CCDEPMODE='depmode=gcc3'
CFLAGS='-g -O2'
CPP='gcc -E'
CPPFLAGS=''
CYGPATH_W='echo'
DEFS='-DHAVE_CONFIG_H'
DEPDIR='.deps'
ECHO_C=''
ECHO_N='-n'
ECHO_T=''
EGREP='/bin/grep -E'
EXEEXT=''
GREP='/bin/grep'
INSTALL_DATA='${INSTALL} -m 644'
INSTALL_PROGRAM='${INSTALL}'
INSTALL_SCRIPT='${INSTALL}'
INSTALL_STRIP_PROGRAM='$(install_sh) -c -s'
LDFLAGS=''
LIBOBJS=''
LIBS='-lpthread '
LTLIBOBJS=''
MAKEINFO='makeinfo'
MKDIR_P='/bin/mkdir -p'
OBJEXT='o'
PACKAGE='spider'
PACKAGE_BUGREPORT='openser@yeah.net'
PACKAGE_NAME='spider-tool'
PACKAGE_STRING='spider-tool 0.1'
PACKAGE_TARNAME='spider-tool'
PACKAGE_URL=''
PACKAGE_VERSION='0.1'
PATH_SEPARATOR=':'
SET_MAKE=''
SHELL='/bin/bash'
STRIP=''
VERSION='1.0'
ac_ct_CC='gcc'
am__EXEEXT_FALSE=''
am__EXEEXT_TRUE='#'
am__fastdepCC_FALSE='#'
am__fastdepCC_TRUE=''
am__include='include'
am__isrc=''
am__leading_dot='.'
am__nodep='_no'
am__quote=''
am__tar='$${TAR-tar} chof - "$$tardir"'
am__untar='$${TAR-tar} xf -'
bindir='${exec_prefix}/bin'
build_alias=''
datadir='${datarootdir}'
datarootdir='${prefix}/share'
docdir='${datarootdir}/doc/${PACKAGE_TARNAME}'
dvidir='${docdir}'
exec_prefix='${prefix}'
host_alias=''
htmldir='${docdir}'
includedir='${prefix}/include'
infodir='${datarootdir}/info'
install_sh='${SHELL} /home/ljc/spider/spider-tool/trunk/install-sh'
libdir='${exec_prefix}/lib'
libexecdir='${exec_prefix}/libexec'
localedir='${datarootdir}/locale'
localstatedir='${prefix}/var'
mandir='${datarootdir}/man'
mkdir_p='/bin/mkdir -p'
oldincludedir='/usr/include'
pdfdir='${docdir}'
prefix='/usr/local'
program_transform_name='s,x,x,'
psdir='${docdir}'
sbindir='${exec_prefix}/sbin'
sharedstatedir='${prefix}/com'
sysconfdir='${prefix}/etc'
target_alias=''

## ----------- ##
## confdefs.h. ##
## ----------- ##

/* confdefs.h */
#define PACKAGE_NAME "spider-tool"
#define PACKAGE_TARNAME "spider-tool"
#define PACKAGE_VERSION "0.1"
#define PACKAGE_STRING "spider-tool 0.1"
#define PACKAGE_BUGREPORT "openser@yeah.net"
#define PACKAGE_URL ""
#define PACKAGE "spider"
#define VERSION "1.0"
#define HAVE_LIBPTHREAD 1
#define STDC_HEADERS 1
#define HAVE_SYS_TYPES_H 1
#define HAVE_SYS_STAT_H 1
#define HAVE_STDLIB_H 1
#define HAVE_STRING_H 1
#define HAVE_MEMORY_H 1
#define HAVE_STRINGS_H 1
#define HAVE_INTTYPES_H 1
#define HAVE_STDINT_H 1
#define HAVE_UNISTD_H 1
#define HAVE_ARPA_INET_H 1
#define HAVE_FCNTL_H 1
#define HAVE_LIMITS_H 1
#define HAVE_MALLOC_H 1
#define HAVE_NETDB_H 1
#define HAVE_NETINET_IN_H 1
#define HAVE_STDLIB_H 1
#define HAVE_STRING_H 1
#define HAVE_SYS_PARAM_H 1
#define HAVE_SYS_SOCKET_H 1
#define HAVE_SYS_TIME_H 1
#define HAVE_SYSLOG_H 1
#define HAVE_UNISTD_H 1
#define HAVE_ALLOCA_H 1
#define HAVE_ALLOCA 1
#define HAVE_FORK 1
#define HAVE_VFORK 1
#define HAVE_WORKING_VFORK 1
#define HAVE_WORKING_FORK 1
#define HAVE_STDLIB_H 1
#define HAVE_MALLOC 1
#define HAVE_STDLIB_H 1
#define HAVE_REALLOC 1
#define HAVE_DUP2 1
#define HAVE_GETHOSTNAME 1
#define HAVE_GETTIMEOFDAY 1
#define HAVE_INET_NTOA 1
#define HAVE_MEMMOVE 1
#define HAVE_MEMSET 1
#define HAVE_MKDIR 1
#define HAVE_SOCKET 1
#define HAVE_STRCASECMP 1
#define HAVE_STRCHR 1
#define HAVE_STRDUP 1
#define HAVE_STRERROR 1
#define HAVE_STRNCASECMP 1
#define HAVE_STRSTR 1

configure: exit 0

## ---------------------- ##
## Running config.status. ##
## ---------------------- ##

This file was extended by spider-tool config.status 0.1, which was
generated by GNU Autoconf 2.68.  Invocation command line was

  CONFIG_FILES    = 
  CONFIG_HEADERS  = 
  CONFIG_LINKS    = 
  CONFIG_COMMANDS = 
  $ ./config.status 

on ubuntu

config.status:901: creating Makefile
config.status:901: creating doc/Makefile
config.status:901: creating src/Makefile
config.status:901: creating config.h
config.status:1082: config.h is unchanged
config.status:1130: executing depfiles commands
